<?xml version="1.0" encoding="UTF-8"?>
<testng-results ignored="0" total="1" passed="1" failed="0" skipped="0">
  <reporter-output>
  </reporter-output>
  <suite started-at="2023-05-11T17:00:30 CDT" name="Default suite" finished-at="2023-05-11T17:01:56 CDT" duration-ms="85686">
    <groups>
    </groups>
    <test started-at="2023-05-11T17:00:30 CDT" name="Default test" finished-at="2023-05-11T17:01:56 CDT" duration-ms="85686">
      <class name="SampleForm">
        <test-method signature="FillForm()[pri:0, instance:SampleForm@576d5deb]" started-at="2023-05-11T17:00:31 CDT" name="FillForm" finished-at="2023-05-11T17:01:56 CDT" duration-ms="85495" status="PASS">
          <reporter-output>
          </reporter-output>
        </test-method> <!-- FillForm -->
      </class> <!-- SampleForm -->
    </test> <!-- Default test -->
  </suite> <!-- Default suite -->
</testng-results>
